12-24-2015 @ 20:48:23 - ---[ New Import ] PHP Memory: 128 MB, WP Memory: 40 MB
12-24-2015 @ 20:48:23 - Parsing products CSV.
12-24-2015 @ 20:48:23 - Finished parsing products CSV.
12-24-2015 @ 20:48:23 - ---
12-24-2015 @ 20:48:23 - Processing products.
12-24-2015 @ 20:48:23 - > Row 1 - preparing for import.
12-24-2015 @ 20:48:23 - > > Skipped. No post_title set for new product.
12-24-2015 @ 20:48:23 - > Row 2 - preparing for import.
12-24-2015 @ 20:48:23 - > > Skipped. No post_title set for new product.
12-24-2015 @ 20:48:23 - > Row 3 - preparing for import.
12-24-2015 @ 20:48:23 - > > Skipped. No post_title set for new product.
12-24-2015 @ 20:48:23 - > Row 4 - preparing for import.
12-24-2015 @ 20:48:23 - > > Skipped. No post_title set for new product.
12-24-2015 @ 20:48:23 - > Row 5 - preparing for import.
12-24-2015 @ 20:48:23 - > > Skipped. No post_title set for new product.
12-24-2015 @ 20:48:23 - > Row 6 - preparing for import.
12-24-2015 @ 20:48:23 - > > Skipped. No post_title set for new product.
12-24-2015 @ 20:48:23 - > Row 7 - preparing for import.
12-24-2015 @ 20:48:23 - > > Skipped. No post_title set for new product.
12-24-2015 @ 20:48:23 - > Row 8 - preparing for import.
12-24-2015 @ 20:48:23 - > > Skipped. No post_title set for new product.
12-24-2015 @ 20:48:23 - > Row 9 - preparing for import.
12-24-2015 @ 20:48:23 - > > Skipped. No post_title set for new product.
12-24-2015 @ 20:48:23 - > Row 10 - preparing for import.
12-24-2015 @ 20:48:23 - > > Skipped. No post_title set for new product.
12-24-2015 @ 20:48:23 - > Row 11 - preparing for import.
12-24-2015 @ 20:48:23 - > > Skipped. No post_title set for new product.
12-24-2015 @ 20:48:23 - > Row 12 - preparing for import.
12-24-2015 @ 20:48:23 - > > Skipped. No post_title set for new product.
12-24-2015 @ 20:48:23 - > Row 13 - preparing for import.
12-24-2015 @ 20:48:23 - > > Skipped. No post_title set for new product.
12-24-2015 @ 20:48:23 - > Row 14 - preparing for import.
12-24-2015 @ 20:48:23 - > > Skipped. No post_title set for new product.
12-24-2015 @ 20:48:23 - > Row 15 - preparing for import.
12-24-2015 @ 20:48:23 - > > Skipped. No post_title set for new product.
12-24-2015 @ 20:48:23 - > Row 16 - preparing for import.
12-24-2015 @ 20:48:23 - > > Skipped. No post_title set for new product.
12-24-2015 @ 20:48:23 - > Row 17 - preparing for import.
12-24-2015 @ 20:48:23 - > > Skipped. No post_title set for new product.
12-24-2015 @ 20:48:23 - > Row 18 - preparing for import.
12-24-2015 @ 20:48:23 - > > Skipped. No post_title set for new product.
12-24-2015 @ 20:48:23 - > Row 19 - preparing for import.
12-24-2015 @ 20:48:23 - > > Skipped. No post_title set for new product.
12-24-2015 @ 20:48:23 - Finished processing products.
12-24-2015 @ 20:48:25 - ---[ New Import ] PHP Memory: 128 MB, WP Memory: 40 MB
12-24-2015 @ 20:48:25 - Parsing products CSV.
12-24-2015 @ 20:48:25 - Finished parsing products CSV.
12-24-2015 @ 20:48:25 - ---
12-24-2015 @ 20:48:25 - Processing products.
12-24-2015 @ 20:48:25 - > Row 1 - preparing for import.
12-24-2015 @ 20:48:25 - > > Skipped. No post_title set for new product.
12-24-2015 @ 20:48:25 - > Row 2 - preparing for import.
12-24-2015 @ 20:48:25 - > > Skipped. No post_title set for new product.
12-24-2015 @ 20:48:25 - > Row 3 - preparing for import.
12-24-2015 @ 20:48:25 - > > Skipped. No post_title set for new product.
12-24-2015 @ 20:48:25 - > Row 4 - preparing for import.
12-24-2015 @ 20:48:25 - > > Skipped. No post_title set for new product.
12-24-2015 @ 20:48:25 - > Row 5 - preparing for import.
12-24-2015 @ 20:48:25 - > > Skipped. No post_title set for new product.
12-24-2015 @ 20:48:25 - > Row 6 - preparing for import.
12-24-2015 @ 20:48:25 - > > Skipped. No post_title set for new product.
12-24-2015 @ 20:48:25 - Finished processing products.
12-24-2015 @ 20:49:49 - ---[ New Import ] PHP Memory: 128 MB, WP Memory: 40 MB
12-24-2015 @ 20:49:49 - Parsing products CSV.
12-24-2015 @ 20:49:49 - Finished parsing products CSV.
12-24-2015 @ 20:49:49 - ---
12-24-2015 @ 20:49:49 - Processing products.
12-24-2015 @ 20:49:49 - > Row 1 - preparing for import.
12-24-2015 @ 20:49:49 - > Inserting 2A 2ABLRML12
12-24-2015 @ 20:49:49 - > Inserted - post ID is 17962.
12-24-2015 @ 20:49:49 - > Finished importing post ID 17962.
12-24-2015 @ 20:49:49 - > Row 2 - preparing for import.
12-24-2015 @ 20:49:49 - > Inserting 2A 2ABLRML15
12-24-2015 @ 20:49:49 - > Inserted - post ID is 17963.
12-24-2015 @ 20:49:49 - > Finished importing post ID 17963.
12-24-2015 @ 20:49:49 - > Row 3 - preparing for import.
12-24-2015 @ 20:49:49 - > Inserting 2A 2ACOMPT3
12-24-2015 @ 20:49:49 - > Inserted - post ID is 17964.
12-24-2015 @ 20:49:49 - > Finished importing post ID 17964.
12-24-2015 @ 20:49:49 - > Row 4 - preparing for import.
12-24-2015 @ 20:49:49 - > Inserting 2A 2ACU3008ML7BLK1
12-24-2015 @ 20:49:49 - > Inserted - post ID is 17965.
12-24-2015 @ 20:49:49 - > Finished importing post ID 17965.
12-24-2015 @ 20:49:49 - > Row 5 - preparing for import.
12-24-2015 @ 20:49:49 - > Inserting 2A 2ACU556105ML10BLK1
12-24-2015 @ 20:49:49 - > Inserted - post ID is 17966.
12-24-2015 @ 20:49:49 - > Finished importing post ID 17966.
12-24-2015 @ 20:49:49 - > Row 6 - preparing for import.
12-24-2015 @ 20:49:49 - > Inserting 2A 2ALWBCGA
12-24-2015 @ 20:49:49 - > Inserted - post ID is 17967.
12-24-2015 @ 20:49:49 - > Finished importing post ID 17967.
12-24-2015 @ 20:49:49 - > Row 7 - preparing for import.
12-24-2015 @ 20:49:49 - > Inserting 2A 2AMCRS2
12-24-2015 @ 20:49:49 - > Inserted - post ID is 17968.
12-24-2015 @ 20:49:49 - > Finished importing post ID 17968.
12-24-2015 @ 20:49:49 - > Row 8 - preparing for import.
12-24-2015 @ 20:49:49 - > Inserting 2A 2ATICOMPT3
12-24-2015 @ 20:49:49 - > Inserted - post ID is 17969.
12-24-2015 @ 20:49:49 - > Finished importing post ID 17969.
12-24-2015 @ 20:49:49 - > Row 9 - preparing for import.
12-24-2015 @ 20:49:49 - > Inserting 2A 2ATIGB1
12-24-2015 @ 20:49:49 - > Inserted - post ID is 17970.
12-24-2015 @ 20:49:50 - > Finished importing post ID 17970.
12-24-2015 @ 20:49:50 - > Row 10 - preparing for import.
12-24-2015 @ 20:49:50 - > Inserting 2A 2ATITDP
12-24-2015 @ 20:49:50 - > Inserted - post ID is 17971.
12-24-2015 @ 20:49:50 - > Finished importing post ID 17971.
12-24-2015 @ 20:49:50 - > Row 11 - preparing for import.
12-24-2015 @ 20:49:50 - > Inserting 2A CRF16PKM15BLK1
12-24-2015 @ 20:49:50 - > Inserted - post ID is 17972.
12-24-2015 @ 20:49:50 - > Finished importing post ID 17972.
12-24-2015 @ 20:49:50 - > Row 12 - preparing for import.
12-24-2015 @ 20:49:50 - > Inserting 2A CRF16PML15BLK1
12-24-2015 @ 20:49:50 - > Inserted - post ID is 17973.
12-24-2015 @ 20:49:50 - > Finished importing post ID 17973.
12-24-2015 @ 20:49:50 - > Row 13 - preparing for import.
12-24-2015 @ 20:49:50 - > Inserting 2A SHOWPAK1
12-24-2015 @ 20:49:50 - > Inserted - post ID is 17974.
12-24-2015 @ 20:49:50 - > Finished importing post ID 17974.
12-24-2015 @ 20:49:50 - > Row 14 - preparing for import.
12-24-2015 @ 20:49:50 - > Inserting 2A SHOWPAK2
12-24-2015 @ 20:49:50 - > Inserted - post ID is 17975.
12-24-2015 @ 20:49:50 - > Finished importing post ID 17975.
12-24-2015 @ 20:49:50 - > Row 15 - preparing for import.
12-24-2015 @ 20:49:50 - > Inserting AAC 100114
12-24-2015 @ 20:49:50 - > Inserted - post ID is 17976.
12-24-2015 @ 20:49:50 - > Finished importing post ID 17976.
12-24-2015 @ 20:49:50 - > Row 16 - preparing for import.
12-24-2015 @ 20:49:50 - > Inserting AAC 100115
12-24-2015 @ 20:49:50 - > Inserted - post ID is 17977.
12-24-2015 @ 20:49:50 - > Finished importing post ID 17977.
12-24-2015 @ 20:49:50 - > Row 17 - preparing for import.
12-24-2015 @ 20:49:50 - > Inserting AAC 100183
12-24-2015 @ 20:49:50 - > Inserted - post ID is 17978.
12-24-2015 @ 20:49:50 - > Finished importing post ID 17978.
12-24-2015 @ 20:49:50 - > Row 18 - preparing for import.
12-24-2015 @ 20:49:50 - > Inserting AAC 100184
12-24-2015 @ 20:49:50 - > Inserted - post ID is 17979.
12-24-2015 @ 20:49:50 - > Finished importing post ID 17979.
12-24-2015 @ 20:49:50 - > Row 19 - preparing for import.
12-24-2015 @ 20:49:50 - > Inserting AAC 100186
12-24-2015 @ 20:49:50 - > Inserted - post ID is 17980.
12-24-2015 @ 20:49:50 - > Finished importing post ID 17980.
12-24-2015 @ 20:49:50 - Finished processing products.
12-24-2015 @ 20:49:53 - ---[ New Import ] PHP Memory: 128 MB, WP Memory: 40 MB
12-24-2015 @ 20:49:53 - Parsing products CSV.
12-24-2015 @ 20:49:53 - Finished parsing products CSV.
12-24-2015 @ 20:49:53 - ---
12-24-2015 @ 20:49:53 - Processing products.
12-24-2015 @ 20:49:53 - > Row 1 - preparing for import.
12-24-2015 @ 20:49:53 - > Inserting AAC 100206
12-24-2015 @ 20:49:53 - > Inserted - post ID is 17981.
12-24-2015 @ 20:49:53 - > Finished importing post ID 17981.
12-24-2015 @ 20:49:53 - > Row 2 - preparing for import.
12-24-2015 @ 20:49:53 - > Inserting AAC 100214
12-24-2015 @ 20:49:53 - > Inserted - post ID is 17982.
12-24-2015 @ 20:49:53 - > Finished importing post ID 17982.
12-24-2015 @ 20:49:53 - > Row 3 - preparing for import.
12-24-2015 @ 20:49:53 - > Inserting AAC 100392
12-24-2015 @ 20:49:53 - > Inserted - post ID is 17983.
12-24-2015 @ 20:49:53 - > Finished importing post ID 17983.
12-24-2015 @ 20:49:53 - > Row 4 - preparing for import.
12-24-2015 @ 20:49:53 - > Inserting AAC 100398
12-24-2015 @ 20:49:53 - > Inserted - post ID is 17984.
12-24-2015 @ 20:49:53 - > Finished importing post ID 17984.
12-24-2015 @ 20:49:53 - > Row 5 - preparing for import.
12-24-2015 @ 20:49:53 - > Inserting AAC 100410
12-24-2015 @ 20:49:54 - > Inserted - post ID is 17985.
12-24-2015 @ 20:49:54 - > Finished importing post ID 17985.
12-24-2015 @ 20:49:54 - > Row 6 - preparing for import.
12-24-2015 @ 20:49:54 - > Inserting AAC 100420
12-24-2015 @ 20:49:54 - > Inserted - post ID is 17986.
12-24-2015 @ 20:49:54 - > Finished importing post ID 17986.
12-24-2015 @ 20:49:54 - Finished processing products.
